cl : línea de comandos warning D9035: La opción 'Gm' está desusada y se quitará en próximas versiones
  main.cpp
D:\Desktop\Semana 5 -Imaginarium. Rotación de objetos con un pivote\GLSL_Lighting\main.cpp(40,1): warning C4305: 'argumento': truncamiento de 'double' a 'GLfloat'
D:\Desktop\Semana 5 -Imaginarium. Rotación de objetos con un pivote\GLSL_Lighting\main.cpp(44,1): warning C4305: 'argumento': truncamiento de 'double' a 'GLfloat'
D:\Desktop\Semana 5 -Imaginarium. Rotación de objetos con un pivote\GLSL_Lighting\main.cpp(50,1): warning C4305: 'argumento': truncamiento de 'double' a 'GLfloat'
D:\Desktop\Semana 5 -Imaginarium. Rotación de objetos con un pivote\GLSL_Lighting\main.cpp(54,1): warning C4305: 'argumento': truncamiento de 'double' a 'GLfloat'
D:\Desktop\Semana 5 -Imaginarium. Rotación de objetos con un pivote\GLSL_Lighting\main.cpp(60,1): warning C4305: 'argumento': truncamiento de 'double' a 'GLfloat'
D:\Desktop\Semana 5 -Imaginarium. Rotación de objetos con un pivote\GLSL_Lighting\main.cpp(64,1): warning C4305: 'argumento': truncamiento de 'double' a 'GLfloat'
D:\Desktop\Semana 5 -Imaginarium. Rotación de objetos con un pivote\GLSL_Lighting\main.cpp(70,1): warning C4305: 'argumento': truncamiento de 'double' a 'GLfloat'
D:\Desktop\Semana 5 -Imaginarium. Rotación de objetos con un pivote\GLSL_Lighting\main.cpp(74,1): warning C4305: 'argumento': truncamiento de 'double' a 'GLfloat'
D:\Desktop\Semana 5 -Imaginarium. Rotación de objetos con un pivote\GLSL_Lighting\main.cpp(81,1): warning C4305: 'argumento': truncamiento de 'double' a 'GLfloat'
D:\Desktop\Semana 5 -Imaginarium. Rotación de objetos con un pivote\GLSL_Lighting\main.cpp(85,1): warning C4305: 'argumento': truncamiento de 'double' a 'GLfloat'
D:\Desktop\Semana 5 -Imaginarium. Rotación de objetos con un pivote\GLSL_Lighting\main.cpp(95,1): warning C4305: 'argumento': truncamiento de 'double' a 'GLfloat'
D:\Desktop\Semana 5 -Imaginarium. Rotación de objetos con un pivote\GLSL_Lighting\main.cpp(102,1): warning C4305: 'argumento': truncamiento de 'double' a 'GLfloat'
D:\Desktop\Semana 5 -Imaginarium. Rotación de objetos con un pivote\GLSL_Lighting\main.cpp(106,1): warning C4305: 'argumento': truncamiento de 'double' a 'GLfloat'
D:\Desktop\Semana 5 -Imaginarium. Rotación de objetos con un pivote\GLSL_Lighting\main.cpp(112,1): warning C4305: 'argumento': truncamiento de 'double' a 'GLfloat'
D:\Desktop\Semana 5 -Imaginarium. Rotación de objetos con un pivote\GLSL_Lighting\main.cpp(116,1): warning C4305: 'argumento': truncamiento de 'double' a 'GLfloat'
D:\Desktop\Semana 5 -Imaginarium. Rotación de objetos con un pivote\GLSL_Lighting\main.cpp(123,1): warning C4305: 'argumento': truncamiento de 'double' a 'GLfloat'
D:\Desktop\Semana 5 -Imaginarium. Rotación de objetos con un pivote\GLSL_Lighting\main.cpp(127,1): warning C4305: 'argumento': truncamiento de 'double' a 'GLfloat'
D:\Desktop\Semana 5 -Imaginarium. Rotación de objetos con un pivote\GLSL_Lighting\main.cpp(137,1): warning C4305: 'argumento': truncamiento de 'double' a 'GLfloat'
D:\Desktop\Semana 5 -Imaginarium. Rotación de objetos con un pivote\GLSL_Lighting\main.cpp(143,1): warning C4305: 'argumento': truncamiento de 'double' a 'GLfloat'
D:\Desktop\Semana 5 -Imaginarium. Rotación de objetos con un pivote\GLSL_Lighting\main.cpp(147,1): warning C4305: 'argumento': truncamiento de 'double' a 'GLfloat'
D:\Desktop\Semana 5 -Imaginarium. Rotación de objetos con un pivote\GLSL_Lighting\main.cpp(153,1): warning C4305: 'argumento': truncamiento de 'double' a 'GLfloat'
D:\Desktop\Semana 5 -Imaginarium. Rotación de objetos con un pivote\GLSL_Lighting\main.cpp(157,1): warning C4305: 'argumento': truncamiento de 'double' a 'GLfloat'
D:\Desktop\Semana 5 -Imaginarium. Rotación de objetos con un pivote\GLSL_Lighting\main.cpp(163,1): warning C4305: 'argumento': truncamiento de 'double' a 'GLfloat'
D:\Desktop\Semana 5 -Imaginarium. Rotación de objetos con un pivote\GLSL_Lighting\main.cpp(167,1): warning C4305: 'argumento': truncamiento de 'double' a 'GLfloat'
D:\Desktop\Semana 5 -Imaginarium. Rotación de objetos con un pivote\GLSL_Lighting\main.cpp(173,1): warning C4305: 'argumento': truncamiento de 'double' a 'GLfloat'
D:\Desktop\Semana 5 -Imaginarium. Rotación de objetos con un pivote\GLSL_Lighting\main.cpp(177,1): warning C4305: 'argumento': truncamiento de 'double' a 'GLfloat'
  glWindow.cpp
  glutwindow.cpp
  glsl.cpp
D:\Desktop\Semana 5 -Imaginarium. Rotación de objetos con un pivote\GLSL_Lighting\cwc\source\glsl.cpp(1351,22): warning C4244: 'inicializando': conversión de 'std::streamoff' a 'unsigned long'; posible pérdida de datos
D:\Desktop\Semana 5 -Imaginarium. Rotación de objetos con un pivote\GLSL_Lighting\cwc\source\glsl.cpp(1353,23): warning C4244: 'inicializando': conversión de 'std::streamoff' a 'unsigned long'; posible pérdida de datos
  glApplication.cpp
  Generando código...
cl : línea de comandos warning D9035: La opción 'Gm' está desusada y se quitará en próximas versiones
  glew.c
  freeglut_window.c
  fgSetupPixelFormat(): there is still some work to do here!
  freeglut_videoresize.c
  freeglut_teapot.c
  freeglut_structure.c
  freeglut_stroke_roman.c
  freeglut_stroke_mono_roman.c
  freeglut_state.c
  freeglut_overlay.c
  freeglut_misc.c
  freeglut_menu.c
  freeglut_main.c
  freeglut_joystick.c
D:\Desktop\Semana 5 -Imaginarium. Rotación de objetos con un pivote\GLSL_Lighting\freeglut\source\freeglut_joystick.c(1000,5): warning C4996: 'sprintf': This function or variable may be unsafe. Consider using sprintf_s instead. To disable deprecation, use _CRT_SECURE_NO_WARNINGS. See online help for details.
D:\Desktop\Semana 5 -Imaginarium. Rotación de objetos con un pivote\GLSL_Lighting\freeglut\source\freeglut_joystick.c(1012,5): warning C4996: 'sprintf': This function or variable may be unsafe. Consider using sprintf_s instead. To disable deprecation, use _CRT_SECURE_NO_WARNINGS. See online help for details.
D:\Desktop\Semana 5 -Imaginarium. Rotación de objetos con un pivote\GLSL_Lighting\freeglut\source\freeglut_joystick.c(1020,5): warning C4996: 'sprintf': This function or variable may be unsafe. Consider using sprintf_s instead. To disable deprecation, use _CRT_SECURE_NO_WARNINGS. See online help for details.
D:\Desktop\Semana 5 -Imaginarium. Rotación de objetos con un pivote\GLSL_Lighting\freeglut\source\freeglut_joystick.c(1249,13): warning C4996: 'strncpy': This function or variable may be unsafe. Consider using strncpy_s instead. To disable deprecation, use _CRT_SECURE_NO_WARNINGS. See online help for details.
  freeglut_init.c
D:\Desktop\Semana 5 -Imaginarium. Rotación de objetos con un pivote\GLSL_Lighting\freeglut\source\freeglut_init.c(520,27): warning C4996: 'getenv': This function or variable may be unsafe. Consider using _dupenv_s instead. To disable deprecation, use _CRT_SECURE_NO_WARNINGS. See online help for details.
D:\Desktop\Semana 5 -Imaginarium. Rotación de objetos con un pivote\GLSL_Lighting\freeglut\source\freeglut_init.c(524,13): warning C4996: 'sscanf': This function or variable may be unsafe. Consider using sscanf_s instead. To disable deprecation, use _CRT_SECURE_NO_WARNINGS. See online help for details.
D:\Desktop\Semana 5 -Imaginarium. Rotación de objetos con un pivote\GLSL_Lighting\freeglut\source\freeglut_init.c(533,19): warning C4996: 'getenv': This function or variable may be unsafe. Consider using _dupenv_s instead. To disable deprecation, use _CRT_SECURE_NO_WARNINGS. See online help for details.
D:\Desktop\Semana 5 -Imaginarium. Rotación de objetos con un pivote\GLSL_Lighting\freeglut\source\freeglut_init.c(713,13): warning C4996: 'strtok': This function or variable may be unsafe. Consider using strtok_s instead. To disable deprecation, use _CRT_SECURE_NO_WARNINGS. See online help for details.
D:\Desktop\Semana 5 -Imaginarium. Rotación de objetos con un pivote\GLSL_Lighting\freeglut\source\freeglut_init.c(883,17): warning C4996: 'strtok': This function or variable may be unsafe. Consider using strtok_s instead. To disable deprecation, use _CRT_SECURE_NO_WARNINGS. See online help for details.
  freeglut_glutfont_definitions.c
  freeglut_geometry.c
  freeglut_gamemode.c
D:\Desktop\Semana 5 -Imaginarium. Rotación de objetos con un pivote\GLSL_Lighting\freeglut\source\freeglut_gamemode.c(393,9): warning C4996: 'sscanf': This function or variable may be unsafe. Consider using sscanf_s instead. To disable deprecation, use _CRT_SECURE_NO_WARNINGS. See online help for details.
D:\Desktop\Semana 5 -Imaginarium. Rotación de objetos con un pivote\GLSL_Lighting\freeglut\source\freeglut_gamemode.c(395,13): warning C4996: 'sscanf': This function or variable may be unsafe. Consider using sscanf_s instead. To disable deprecation, use _CRT_SECURE_NO_WARNINGS. See online help for details.
D:\Desktop\Semana 5 -Imaginarium. Rotación de objetos con un pivote\GLSL_Lighting\freeglut\source\freeglut_gamemode.c(396,17): warning C4996: 'sscanf': This function or variable may be unsafe. Consider using sscanf_s instead. To disable deprecation, use _CRT_SECURE_NO_WARNINGS. See online help for details.
D:\Desktop\Semana 5 -Imaginarium. Rotación de objetos con un pivote\GLSL_Lighting\freeglut\source\freeglut_gamemode.c(397,21): warning C4996: 'sscanf': This function or variable may be unsafe. Consider using sscanf_s instead. To disable deprecation, use _CRT_SECURE_NO_WARNINGS. See online help for details.
D:\Desktop\Semana 5 -Imaginarium. Rotación de objetos con un pivote\GLSL_Lighting\freeglut\source\freeglut_gamemode.c(398,25): warning C4996: 'sscanf': This function or variable may be unsafe. Consider using sscanf_s instead. To disable deprecation, use _CRT_SECURE_NO_WARNINGS. See online help for details.
D:\Desktop\Semana 5 -Imaginarium. Rotación de objetos con un pivote\GLSL_Lighting\freeglut\source\freeglut_gamemode.c(399,29): warning C4996: 'sscanf': This function or variable may be unsafe. Consider using sscanf_s instead. To disable deprecation, use _CRT_SECURE_NO_WARNINGS. See online help for details.
D:\Desktop\Semana 5 -Imaginarium. Rotación de objetos con un pivote\GLSL_Lighting\freeglut\source\freeglut_gamemode.c(400,33): warning C4996: 'sscanf': This function or variable may be unsafe. Consider using sscanf_s instead. To disable deprecation, use _CRT_SECURE_NO_WARNINGS. See online help for details.
  freeglut_font_data.c
  freeglut_font.c
  freeglut_ext.c
  Generando código...
  Compilando...
  freeglut_display.c
  freeglut_cursor.c
  freeglut_callbacks.c
  Generando código...
glApplication.obj : warning LNK4075: se omite '/EDITANDCONTINUE' debido a la especificación '/SAFESEH'
  TemplateProject.vcxproj -> D:\Desktop\Semana 5 -Imaginarium. Rotación de objetos con un pivote\GLSL_Lighting\Debug\TemplateProject.exe
